Unity Editor version:    2020.3.19f1 (68f137dc9bbe)
Branch:                  2020.3/staging
Build type:              Release
Batch mode:              YES
macOS version:           Version 10.15.7 (Build 19H1419)
Darwin version:          19.6.0
Architecture:            x86_64
Running under Rosetta:   NO
Available memory:        8192 MB
Using pre-set license
Pro License: NO

COMMAND LINE ARGUMENTS:
/Applications/Unity/Unity.app/Contents/MacOS/Unity
-adb2
-batchMode
-noUpm
-name
AssetImportWorker0
-projectPath
/Users/dreda_skotinina/_Unity/This_is_PDP_project/PDP_Ilya
-logFile
Logs/AssetImportWorker0.log
-srvPort
63948
Successfully changed project path to: /Users/dreda_skotinina/_Unity/This_is_PDP_project/PDP_Ilya
/Users/dreda_skotinina/_Unity/This_is_PDP_project/PDP_Ilya
Using Asset Import Pipeline V2.
Refreshing native plugins compatible for Editor in 102.24 ms, found 2 plugins.
Preloading 0 native plugins for Editor in 0.00 ms.
Initialize engine version: 2020.3.19f1 (68f137dc9bbe)
[Subsystems] Discovering subsystems at path /Applications/Unity/Unity.app/Contents/Resources/UnitySubsystems
[Subsystems] Discovering subsystems at path /Users/dreda_skotinina/_Unity/This_is_PDP_project/PDP_Ilya/Assets
GfxDevice: creating device client; threaded=0
2021-11-12 15:29:08.691 Unity[11898:763553] Color LCD preferred device: NVIDIA GeForce GT 650M (high power)
2021-11-12 15:29:08.691 Unity[11898:763553] Metal devices available: 2
2021-11-12 15:29:08.691 Unity[11898:763553] 0: NVIDIA GeForce GT 650M (high power)
2021-11-12 15:29:08.691 Unity[11898:763553] 1: Intel HD Graphics 4000 (low power)
2021-11-12 15:29:08.692 Unity[11898:763553] Using device NVIDIA GeForce GT 650M (high power)
Initializing Metal device caps: NVIDIA GeForce GT 650M
Initialize mono
Mono path[0] = '/Applications/Unity/Unity.app/Contents/Managed'
Mono path[1] = '/Applications/Unity/Unity.app/Contents/MonoBleedingEdge/lib/mono/unityjit'
Mono config path = '/Applications/Unity/Unity.app/Contents/MonoBleedingEdge/etc'
Using monoOptions --debugger-agent=transport=dt_socket,embedding=1,server=y,suspend=n,address=127.0.0.1:56898
Begin MonoManager ReloadAssembly
Registering precompiled unity dll's ...
Register platform support module: /Applications/Unity/Unity.app/Contents/PlaybackEngines/MacStandaloneSupport/UnityEditor.OSXStandalone.Extensions.dll
Registered in 0.001850 seconds.
Native extension for OSXStandalone target not found
Refreshing native plugins compatible for Editor in 71.80 ms, found 2 plugins.
Preloading 0 native plugins for Editor in 0.00 ms.
Mono: successfully reloaded assembly
- Completed reload, in  2.848 seconds
Domain Reload Profiling:
	ReloadAssembly (2848ms)
		BeginReloadAssembly (67ms)
			ExecutionOrderSort (0ms)
			DisableScriptedObjects (0ms)
			BackupInstance (0ms)
			ReleaseScriptingObjects (0ms)
			CreateAndSetChildDomain (1ms)
		EndReloadAssembly (782ms)
			LoadAssemblies (68ms)
			RebuildTransferFunctionScriptingTraits (0ms)
			SetupTypeCache (312ms)
			ReleaseScriptCaches (0ms)
			RebuildScriptCaches (58ms)
			SetupLoadedEditorAssemblies (325ms)
				LogAssemblyErrors (0ms)
				InitializePlatformSupportModulesInManaged (6ms)
				SetLoadedEditorAssemblies (0ms)
				RefreshPlugins (72ms)
				BeforeProcessingInitializeOnLoad (40ms)
				ProcessInitializeOnLoadAttributes (158ms)
				ProcessInitializeOnLoadMethodAttributes (48ms)
				AfterProcessingInitializeOnLoad (0ms)
				EditorAssembliesLoaded (0ms)
			ExecutionOrderSort2 (0ms)
			AwakeInstancesAfterBackupRestoration (0ms)
Platform modules already initialized, skipping
Registering precompiled user dll's ...
Registered in 0.006304 seconds.
Begin MonoManager ReloadAssembly
Native extension for OSXStandalone target not found
Refreshing native plugins compatible for Editor in 80.21 ms, found 2 plugins.
Preloading 0 native plugins for Editor in 0.00 ms.
Mono: successfully reloaded assembly
- Completed reload, in  2.160 seconds
Domain Reload Profiling:
	ReloadAssembly (2161ms)
		BeginReloadAssembly (281ms)
			ExecutionOrderSort (0ms)
			DisableScriptedObjects (8ms)
			BackupInstance (0ms)
			ReleaseScriptingObjects (0ms)
			CreateAndSetChildDomain (55ms)
		EndReloadAssembly (1767ms)
			LoadAssemblies (207ms)
			RebuildTransferFunctionScriptingTraits (0ms)
			SetupTypeCache (632ms)
			ReleaseScriptCaches (1ms)
			RebuildScriptCaches (105ms)
			SetupLoadedEditorAssemblies (606ms)
				LogAssemblyErrors (0ms)
				InitializePlatformSupportModulesInManaged (6ms)
				SetLoadedEditorAssemblies (0ms)
				RefreshPlugins (80ms)
				BeforeProcessingInitializeOnLoad (134ms)
				ProcessInitializeOnLoadAttributes (376ms)
				ProcessInitializeOnLoadMethodAttributes (8ms)
				AfterProcessingInitializeOnLoad (2ms)
				EditorAssembliesLoaded (0ms)
			ExecutionOrderSort2 (0ms)
			AwakeInstancesAfterBackupRestoration (12ms)
Platform modules already initialized, skipping
Validating Project structure ... 0.007159 seconds.
Shader import version has changed; will reimport all shaders...
Upgrading shader files ...0.025010 seconds.
Application.AssetDatabase Initial Script Refresh Start
RefreshInfo: InitialScriptRefreshV2(NoUpdateAssetOptions) scanfilter:  ... 1 filters
RefreshProfiler: Total: 0.000ms
Application.AssetDatabase Initial Script Refresh End
Application.AssetDatabase.Refresh Start
Application.AssetDatabase.Refresh End
RefreshInfo: StopAssetImportingV2(ForceSynchronousImport) scanfilter: 
RefreshProfiler: Total: 0.000ms
Launching external process: /Applications/Unity/Unity.app/Contents/Tools/UnityShaderCompiler
Launched and connected shader compiler UnityShaderCompiler after 0.03 seconds
Initializing Unity extensions:
========================================================================
Worker process is ready to serve import requests
Refreshing native plugins compatible for Editor in 0.67 ms, found 2 plugins.
Preloading 0 native plugins for Editor in 0.00 ms.
Unloading 2781 Unused Serialized files (Serialized files now loaded: 0)
System memory in use before: 234.9 MB.
System memory in use after: 234.7 MB.

Unloading 130 unused Assets to reduce memory usage. Loaded Objects now: 3262.
Total: 5.588344 ms (FindLiveObjects: 0.495652 ms CreateObjectMapping: 0.384858 ms MarkObjects: 4.360115 ms  DeleteObjects: 0.345863 ms)

AssetImportParameters requested are different than current active one (requested -> active):
  custom:video-decoder-ogg-theora: a1e56fd34408186e4bbccfd4996cb3dc -> 
  custom:container-muxer-webm: aa71ff27fc2769a1b78a27578f13a17b -> 
  custom:container-demuxer-webm: 4f35f7cbe854078d1ac9338744f61a02 -> 
  custom:container-demuxer-ogg: 62fdf1f143b41e24485cea50d1cbac27 -> 
  custom:video-encoder-webm-vp8: eb34c28f22e8b96e1ab97ce403110664 -> 
  custom:framework-osx-AVFoundation: b23960f63f64bdc6ff669e2cdcee2391 -> 
  custom:video-decoder-webm-vp8: 9c59270c3fd7afecdb556c50c9e8de78 -> 
  custom:audio-decoder-ogg-vorbis: bf7c407c2cedff20999df2af8eb42d56 -> 
  custom:audio-encoder-webm-vorbis: bf7c407c2cedff20999df2af8eb42d56 -> 
========================================================================
Received Import Request.
  path: Assets/PDPTask/tweenSequence.cs
  artifactKey: Guid(74ae12774bf8b48b7b22a584bf6fcef1) Importer(815301076,1909f56bfc062723c751e8b465ee728b)
Start importing Assets/PDPTask/tweenSequence.cs using Guid(74ae12774bf8b48b7b22a584bf6fcef1) Importer(815301076,1909f56bfc062723c751e8b465ee728b)  -> (artifact id: '5e3fe25007a15adf738d34f9d9a04cb6') in 0.625837 seconds 
  Import took 0.633803 seconds .

========================================================================
Received Import Request.
  Time since last request: 715.906171 seconds.
  path: Assets/PDPTask
  artifactKey: Guid(7e6570ef6c1a449c08782a9de64b53ad) Importer(815301076,1909f56bfc062723c751e8b465ee728b)
Start importing Assets/PDPTask using Guid(7e6570ef6c1a449c08782a9de64b53ad) Importer(815301076,1909f56bfc062723c751e8b465ee728b)  -> (artifact id: '2bd24a5f7c8b7dedbb432984f8511966') in 0.004947 seconds 
  Import took 0.040272 seconds .

========================================================================
Received Import Request.
  Time since last request: 1201.827894 seconds.
  path: Assets/PDPTask/CurveLight.cs
  artifactKey: Guid(faf4c74558cd44248bbc6559fbb55782) Importer(815301076,1909f56bfc062723c751e8b465ee728b)
Start importing Assets/PDPTask/CurveLight.cs using Guid(faf4c74558cd44248bbc6559fbb55782) Importer(815301076,1909f56bfc062723c751e8b465ee728b)  -> (artifact id: 'f0d3267436029a0648f7ef9bef9cbc73') in 0.010472 seconds 
  Import took 0.018780 seconds .

========================================================================
Received Import Request.
  Time since last request: 4.922073 seconds.
  path: Assets/PDPTask/SimplePath.cs
  artifactKey: Guid(6d0cc9e96c95b4312870a857e3b4483c) Importer(815301076,1909f56bfc062723c751e8b465ee728b)
Start importing Assets/PDPTask/SimplePath.cs using Guid(6d0cc9e96c95b4312870a857e3b4483c) Importer(815301076,1909f56bfc062723c751e8b465ee728b)  -> (artifact id: '5d01bc5cc8ec521260d329f170e17333') in 0.002433 seconds 
  Import took 0.010130 seconds .

